c:\users\seako\onedrive\desktop\chili framework 2016\engine\debug\mouse.obj
c:\users\seako\onedrive\desktop\chili framework 2016\engine\debug\keyboard.obj
c:\users\seako\onedrive\desktop\chili framework 2016\engine\debug\game.obj
c:\users\seako\onedrive\desktop\chili framework 2016\engine\debug\graphics.obj
c:\users\seako\onedrive\desktop\chili framework 2016\engine\debug\mainwindow.obj
c:\users\seako\onedrive\desktop\chili framework 2016\engine\debug\main.obj
c:\users\seako\onedrive\desktop\chili framework 2016\engine\debug\dxerr.obj
c:\users\seako\onedrive\desktop\chili framework 2016\engine\debug\vc141.pdb
c:\users\seako\onedrive\desktop\chili framework 2016\engine\framebufferps.shh
c:\users\seako\onedrive\desktop\chili framework 2016\engine\framebuffervs.shh
c:\users\seako\onedrive\desktop\chili framework 2016\debug\engine.ilk
c:\users\seako\onedrive\desktop\chili framework 2016\debug\engine.exe
c:\users\seako\onedrive\desktop\chili framework 2016\debug\engine.pdb
c:\users\seako\onedrive\desktop\chili framework 2016\engine\debug\resource.res
c:\users\seako\onedrive\desktop\chili framework 2016\engine\debug\vc141.idb
c:\users\seako\onedrive\desktop\chili framework 2016\engine\debug\engine.tlog\cl.11044.write.1.tlog
c:\users\seako\onedrive\desktop\chili framework 2016\engine\debug\engine.tlog\cl.command.1.tlog
c:\users\seako\onedrive\desktop\chili framework 2016\engine\debug\engine.tlog\cl.read.1.tlog
c:\users\seako\onedrive\desktop\chili framework 2016\engine\debug\engine.tlog\fxc.command.1.tlog
c:\users\seako\onedrive\desktop\chili framework 2016\engine\debug\engine.tlog\fxc.read.1.tlog
c:\users\seako\onedrive\desktop\chili framework 2016\engine\debug\engine.tlog\fxc.write.1.tlog
c:\users\seako\onedrive\desktop\chili framework 2016\engine\debug\engine.tlog\link.command.1.tlog
c:\users\seako\onedrive\desktop\chili framework 2016\engine\debug\engine.tlog\link.read.1.tlog
c:\users\seako\onedrive\desktop\chili framework 2016\engine\debug\engine.tlog\link.write.1.tlog
c:\users\seako\onedrive\desktop\chili framework 2016\engine\debug\engine.tlog\rc.command.1.tlog
c:\users\seako\onedrive\desktop\chili framework 2016\engine\debug\engine.tlog\rc.read.1.tlog
c:\users\seako\onedrive\desktop\chili framework 2016\engine\debug\engine.tlog\rc.write.1.tlog
